Arguments: 
  C:\Program Files\nodejs\node.exe C:\Users\RAVINDRA\AppData\Roaming\npm\node_modules\yarn\bin\yarn.js add @paypal/react.paypal.js

PATH: 
  C:\Windows\system32;C:\Windows;C:\Windows\System32\Wbem;C:\Windows\System32\WindowsPowerShell\v1.0\;C:\Windows\System32\OpenSSH\;C:\Program Files\nodejs\;C:\Program Files\Microsoft VS Code\bin;C:\Program Files\MATLAB\R2021a\bin;C:\Program Files\Git\cmd;C:\Program Files\MySQL\MySQL Shell 8.0\bin\;C:\Users\RAVINDRA\AppData\Local\Microsoft\WindowsApps;C:\msys64\mingw64\bin;C:\Users\RAVINDRA\AppData\Roaming\npm;C:\Program Files\MongoDB\Server\5.0\bin;C:\Program Files\heroku\bin;

Yarn version: 
  1.22.17

Node version: 
  14.17.3

Platform: 
  win32 x64

Trace: 
  Error: https://registry.yarnpkg.com/@paypal%2freact.paypal.js: Not found
      at Request.params.callback [as _callback] (C:\Users\RAVINDRA\AppData\Roaming\npm\node_modules\yarn\lib\cli.js:67029:18)
      at Request.self.callback (C:\Users\RAVINDRA\AppData\Roaming\npm\node_modules\yarn\lib\cli.js:140883:22)
      at Request.emit (events.js:375:28)
      at Request.<anonymous> (C:\Users\RAVINDRA\AppData\Roaming\npm\node_modules\yarn\lib\cli.js:141855:10)
      at Request.emit (events.js:375:28)
      at IncomingMessage.<anonymous> (C:\Users\RAVINDRA\AppData\Roaming\npm\node_modules\yarn\lib\cli.js:141777:12)
      at Object.onceWrapper (events.js:481:28)
      at IncomingMessage.emit (events.js:387:35)
      at endReadableNT (internal/streams/readable.js:1317:12)
      at processTicksAndRejections (internal/process/task_queues.js:82:21)

npm manifest: 
  No manifest

yarn manifest: 
  No manifest

Lockfile: 
  No lockfile
